MissingStaticPage [Error]: Failed to load static file for page: /404 ENOENT: no such file or directory, open '/home/litsuran/legaldoji.com/node/.next/server/pages/404.html'
    at /home/litsuran/nodevenv/legaldoji.com/node/18/lib/node_modules/next/dist/server/require.js:85:19
    at async Object.loadComponents (/home/litsuran/nodevenv/legaldoji.com/node/18/lib/node_modules/next/dist/server/load-components.js:37:26)
    at async NextNodeServer.findPageComponents (/home/litsuran/nodevenv/legaldoji.com/node/18/lib/node_modules/next/dist/server/next-server.js:561:36)
    at async NextNodeServer.renderErrorToResponse (/home/litsuran/nodevenv/legaldoji.com/node/18/lib/node_modules/next/dist/server/base-server.js:1089:26)
    at async pipe.req.req (/home/litsuran/nodevenv/legaldoji.com/node/18/lib/node_modules/next/dist/server/base-server.js:1066:30)
    at async NextNodeServer.pipe (/home/litsuran/nodevenv/legaldoji.com/node/18/lib/node_modules/next/dist/server/base-server.js:407:25)
MissingStaticPage [Error]: Failed to load static file for page: /404 ENOENT: no such file or directory, open '/home/litsuran/legaldoji.com/node/.next/server/pages/404.html'
    at /home/litsuran/nodevenv/legaldoji.com/node/18/lib/node_modules/next/dist/server/require.js:85:19
    at async Object.loadComponents (/home/litsuran/nodevenv/legaldoji.com/node/18/lib/node_modules/next/dist/server/load-components.js:37:26)
    at async NextNodeServer.findPageComponents (/home/litsuran/nodevenv/legaldoji.com/node/18/lib/node_modules/next/dist/server/next-server.js:561:36)
    at async NextNodeServer.renderErrorToResponse (/home/litsuran/nodevenv/legaldoji.com/node/18/lib/node_modules/next/dist/server/base-server.js:1089:26)
    at async pipe.req.req (/home/litsuran/nodevenv/legaldoji.com/node/18/lib/node_modules/next/dist/server/base-server.js:1066:30)
    at async NextNodeServer.pipe (/home/litsuran/nodevenv/legaldoji.com/node/18/lib/node_modules/next/dist/server/base-server.js:407:25)
MissingStaticPage [Error]: Failed to load static file for page: /404 ENOENT: no such file or directory, open '/home/litsuran/legaldoji.com/node/.next/server/pages/404.html'
    at /home/litsuran/nodevenv/legaldoji.com/node/18/lib/node_modules/next/dist/server/require.js:85:19
    at async Object.loadComponents (/home/litsuran/nodevenv/legaldoji.com/node/18/lib/node_modules/next/dist/server/load-components.js:37:26)
    at async NextNodeServer.findPageComponents (/home/litsuran/nodevenv/legaldoji.com/node/18/lib/node_modules/next/dist/server/next-server.js:561:36)
    at async NextNodeServer.renderErrorToResponse (/home/litsuran/nodevenv/legaldoji.com/node/18/lib/node_modules/next/dist/server/base-server.js:1089:26)
    at async pipe.req.req (/home/litsuran/nodevenv/legaldoji.com/node/18/lib/node_modules/next/dist/server/base-server.js:1066:30)
    at async NextNodeServer.pipe (/home/litsuran/nodevenv/legaldoji.com/node/18/lib/node_modules/next/dist/server/base-server.js:407:25)
MissingStaticPage [Error]: Failed to load static file for page: /404 ENOENT: no such file or directory, open '/home/litsuran/legaldoji.com/node/.next/server/pages/404.html'
    at /home/litsuran/nodevenv/legaldoji.com/node/18/lib/node_modules/next/dist/server/require.js:85:19
    at async Object.loadComponents (/home/litsuran/nodevenv/legaldoji.com/node/18/lib/node_modules/next/dist/server/load-components.js:37:26)
    at async NextNodeServer.findPageComponents (/home/litsuran/nodevenv/legaldoji.com/node/18/lib/node_modules/next/dist/server/next-server.js:561:36)
    at async NextNodeServer.renderErrorToResponse (/home/litsuran/nodevenv/legaldoji.com/node/18/lib/node_modules/next/dist/server/base-server.js:1089:26)
    at async pipe.req.req (/home/litsuran/nodevenv/legaldoji.com/node/18/lib/node_modules/next/dist/server/base-server.js:1066:30)
    at async NextNodeServer.pipe (/home/litsuran/nodevenv/legaldoji.com/node/18/lib/node_modules/next/dist/server/base-server.js:407:25)
MissingStaticPage [Error]: Failed to load static file for page: /404 ENOENT: no such file or directory, open '/home/litsuran/legaldoji.com/node/.next/server/pages/404.html'
    at /home/litsuran/nodevenv/legaldoji.com/node/18/lib/node_modules/next/dist/server/require.js:85:19
    at async Object.loadComponents (/home/litsuran/nodevenv/legaldoji.com/node/18/lib/node_modules/next/dist/server/load-components.js:37:26)
    at async NextNodeServer.findPageComponents (/home/litsuran/nodevenv/legaldoji.com/node/18/lib/node_modules/next/dist/server/next-server.js:561:36)
    at async NextNodeServer.renderErrorToResponse (/home/litsuran/nodevenv/legaldoji.com/node/18/lib/node_modules/next/dist/server/base-server.js:1089:26)
    at async pipe.req.req (/home/litsuran/nodevenv/legaldoji.com/node/18/lib/node_modules/next/dist/server/base-server.js:1066:30)
    at async NextNodeServer.pipe (/home/litsuran/nodevenv/legaldoji.com/node/18/lib/node_modules/next/dist/server/base-server.js:407:25)
MissingStaticPage [Error]: Failed to load static file for page: /404 ENOENT: no such file or directory, open '/home/litsuran/legaldoji.com/node/.next/server/pages/404.html'
    at /home/litsuran/nodevenv/legaldoji.com/node/18/lib/node_modules/next/dist/server/require.js:85:19
    at async Object.loadComponents (/home/litsuran/nodevenv/legaldoji.com/node/18/lib/node_modules/next/dist/server/load-components.js:37:26)
    at async NextNodeServer.findPageComponents (/home/litsuran/nodevenv/legaldoji.com/node/18/lib/node_modules/next/dist/server/next-server.js:561:36)
    at async NextNodeServer.renderErrorToResponse (/home/litsuran/nodevenv/legaldoji.com/node/18/lib/node_modules/next/dist/server/base-server.js:1089:26)
    at async pipe.req.req (/home/litsuran/nodevenv/legaldoji.com/node/18/lib/node_modules/next/dist/server/base-server.js:1066:30)
    at async NextNodeServer.pipe (/home/litsuran/nodevenv/legaldoji.com/node/18/lib/node_modules/next/dist/server/base-server.js:407:25)
MissingStaticPage [Error]: Failed to load static file for page: /404 ENOENT: no such file or directory, open '/home/litsuran/legaldoji.com/node/.next/server/pages/404.html'
    at /home/litsuran/nodevenv/legaldoji.com/node/18/lib/node_modules/next/dist/server/require.js:85:19
    at async Object.loadComponents (/home/litsuran/nodevenv/legaldoji.com/node/18/lib/node_modules/next/dist/server/load-components.js:37:26)
    at async NextNodeServer.findPageComponents (/home/litsuran/nodevenv/legaldoji.com/node/18/lib/node_modules/next/dist/server/next-server.js:561:36)
    at async NextNodeServer.renderErrorToResponse (/home/litsuran/nodevenv/legaldoji.com/node/18/lib/node_modules/next/dist/server/base-server.js:1089:26)
    at async pipe.req.req (/home/litsuran/nodevenv/legaldoji.com/node/18/lib/node_modules/next/dist/server/base-server.js:1066:30)
    at async NextNodeServer.pipe (/home/litsuran/nodevenv/legaldoji.com/node/18/lib/node_modules/next/dist/server/base-server.js:407:25)
MissingStaticPage [Error]: Failed to load static file for page: /404 ENOENT: no such file or directory, open '/home/litsuran/legaldoji.com/node/.next/server/pages/404.html'
    at /home/litsuran/nodevenv/legaldoji.com/node/18/lib/node_modules/next/dist/server/require.js:85:19
    at async Object.loadComponents (/home/litsuran/nodevenv/legaldoji.com/node/18/lib/node_modules/next/dist/server/load-components.js:37:26)
    at async NextNodeServer.findPageComponents (/home/litsuran/nodevenv/legaldoji.com/node/18/lib/node_modules/next/dist/server/next-server.js:561:36)
    at async NextNodeServer.renderErrorToResponse (/home/litsuran/nodevenv/legaldoji.com/node/18/lib/node_modules/next/dist/server/base-server.js:1089:26)
    at async pipe.req.req (/home/litsuran/nodevenv/legaldoji.com/node/18/lib/node_modules/next/dist/server/base-server.js:1066:30)
    at async NextNodeServer.pipe (/home/litsuran/nodevenv/legaldoji.com/node/18/lib/node_modules/next/dist/server/base-server.js:407:25)
MissingStaticPage [Error]: Failed to load static file for page: /404 ENOENT: no such file or directory, open '/home/litsuran/legaldoji.com/node/.next/server/pages/404.html'
    at /home/litsuran/nodevenv/legaldoji.com/node/18/lib/node_modules/next/dist/server/require.js:85:19
    at async Object.loadComponents (/home/litsuran/nodevenv/legaldoji.com/node/18/lib/node_modules/next/dist/server/load-components.js:37:26)
    at async NextNodeServer.findPageComponents (/home/litsuran/nodevenv/legaldoji.com/node/18/lib/node_modules/next/dist/server/next-server.js:561:36)
    at async NextNodeServer.renderErrorToResponse (/home/litsuran/nodevenv/legaldoji.com/node/18/lib/node_modules/next/dist/server/base-server.js:1089:26)
    at async pipe.req.req (/home/litsuran/nodevenv/legaldoji.com/node/18/lib/node_modules/next/dist/server/base-server.js:1066:30)
    at async NextNodeServer.pipe (/home/litsuran/nodevenv/legaldoji.com/node/18/lib/node_modules/next/dist/server/base-server.js:407:25)
MissingStaticPage [Error]: Failed to load static file for page: /404 ENOENT: no such file or directory, open '/home/litsuran/legaldoji.com/node/.next/server/pages/404.html'
    at /home/litsuran/nodevenv/legaldoji.com/node/18/lib/node_modules/next/dist/server/require.js:85:19
    at async Object.loadComponents (/home/litsuran/nodevenv/legaldoji.com/node/18/lib/node_modules/next/dist/server/load-components.js:37:26)
    at async NextNodeServer.findPageComponents (/home/litsuran/nodevenv/legaldoji.com/node/18/lib/node_modules/next/dist/server/next-server.js:561:36)
    at async NextNodeServer.renderErrorToResponse (/home/litsuran/nodevenv/legaldoji.com/node/18/lib/node_modules/next/dist/server/base-server.js:1089:26)
    at async pipe.req.req (/home/litsuran/nodevenv/legaldoji.com/node/18/lib/node_modules/next/dist/server/base-server.js:1066:30)
    at async NextNodeServer.pipe (/home/litsuran/nodevenv/legaldoji.com/node/18/lib/node_modules/next/dist/server/base-server.js:407:25)
MissingStaticPage [Error]: Failed to load static file for page: /404 ENOENT: no such file or directory, open '/home/litsuran/legaldoji.com/node/.next/server/pages/404.html'
    at /home/litsuran/nodevenv/legaldoji.com/node/18/lib/node_modules/next/dist/server/require.js:85:19
    at async Object.loadComponents (/home/litsuran/nodevenv/legaldoji.com/node/18/lib/node_modules/next/dist/server/load-components.js:37:26)
    at async NextNodeServer.findPageComponents (/home/litsuran/nodevenv/legaldoji.com/node/18/lib/node_modules/next/dist/server/next-server.js:561:36)
    at async NextNodeServer.renderErrorToResponse (/home/litsuran/nodevenv/legaldoji.com/node/18/lib/node_modules/next/dist/server/base-server.js:1089:26)
    at async pipe.req.req (/home/litsuran/nodevenv/legaldoji.com/node/18/lib/node_modules/next/dist/server/base-server.js:1066:30)
    at async NextNodeServer.pipe (/home/litsuran/nodevenv/legaldoji.com/node/18/lib/node_modules/next/dist/server/base-server.js:407:25)
MissingStaticPage [Error]: Failed to load static file for page: /404 ENOENT: no such file or directory, open '/home/litsuran/legaldoji.com/node/.next/server/pages/404.html'
    at /home/litsuran/nodevenv/legaldoji.com/node/18/lib/node_modules/next/dist/server/require.js:85:19
    at async Object.loadComponents (/home/litsuran/nodevenv/legaldoji.com/node/18/lib/node_modules/next/dist/server/load-components.js:37:26)
    at async NextNodeServer.findPageComponents (/home/litsuran/nodevenv/legaldoji.com/node/18/lib/node_modules/next/dist/server/next-server.js:561:36)
    at async NextNodeServer.renderErrorToResponse (/home/litsuran/nodevenv/legaldoji.com/node/18/lib/node_modules/next/dist/server/base-server.js:1089:26)
    at async pipe.req.req (/home/litsuran/nodevenv/legaldoji.com/node/18/lib/node_modules/next/dist/server/base-server.js:1066:30)
    at async NextNodeServer.pipe (/home/litsuran/nodevenv/legaldoji.com/node/18/lib/node_modules/next/dist/server/base-server.js:407:25)
MissingStaticPage [Error]: Failed to load static file for page: /404 ENOENT: no such file or directory, open '/home/litsuran/legaldoji.com/node/.next/server/pages/404.html'
    at /home/litsuran/nodevenv/legaldoji.com/node/18/lib/node_modules/next/dist/server/require.js:85:19
    at async Object.loadComponents (/home/litsuran/nodevenv/legaldoji.com/node/18/lib/node_modules/next/dist/server/load-components.js:37:26)
    at async NextNodeServer.findPageComponents (/home/litsuran/nodevenv/legaldoji.com/node/18/lib/node_modules/next/dist/server/next-server.js:561:36)
    at async NextNodeServer.renderErrorToResponse (/home/litsuran/nodevenv/legaldoji.com/node/18/lib/node_modules/next/dist/server/base-server.js:1089:26)
    at async pipe.req.req (/home/litsuran/nodevenv/legaldoji.com/node/18/lib/node_modules/next/dist/server/base-server.js:1066:30)
    at async NextNodeServer.pipe (/home/litsuran/nodevenv/legaldoji.com/node/18/lib/node_modules/next/dist/server/base-server.js:407:25)
MissingStaticPage [Error]: Failed to load static file for page: /404 ENOENT: no such file or directory, open '/home/litsuran/legaldoji.com/node/.next/server/pages/404.html'
    at /home/litsuran/nodevenv/legaldoji.com/node/18/lib/node_modules/next/dist/server/require.js:85:19
    at async Object.loadComponents (/home/litsuran/nodevenv/legaldoji.com/node/18/lib/node_modules/next/dist/server/load-components.js:37:26)
    at async NextNodeServer.findPageComponents (/home/litsuran/nodevenv/legaldoji.com/node/18/lib/node_modules/next/dist/server/next-server.js:561:36)
    at async NextNodeServer.renderErrorToResponse (/home/litsuran/nodevenv/legaldoji.com/node/18/lib/node_modules/next/dist/server/base-server.js:1089:26)
    at async pipe.req.req (/home/litsuran/nodevenv/legaldoji.com/node/18/lib/node_modules/next/dist/server/base-server.js:1066:30)
    at async NextNodeServer.pipe (/home/litsuran/nodevenv/legaldoji.com/node/18/lib/node_modules/next/dist/server/base-server.js:407:25)
MissingStaticPage [Error]: Failed to load static file for page: /404 ENOENT: no such file or directory, open '/home/litsuran/legaldoji.com/node/.next/server/pages/404.html'
    at /home/litsuran/nodevenv/legaldoji.com/node/18/lib/node_modules/next/dist/server/require.js:85:19
    at async Object.loadComponents (/home/litsuran/nodevenv/legaldoji.com/node/18/lib/node_modules/next/dist/server/load-components.js:37:26)
    at async NextNodeServer.findPageComponents (/home/litsuran/nodevenv/legaldoji.com/node/18/lib/node_modules/next/dist/server/next-server.js:561:36)
    at async NextNodeServer.renderErrorToResponse (/home/litsuran/nodevenv/legaldoji.com/node/18/lib/node_modules/next/dist/server/base-server.js:1089:26)
    at async pipe.req.req (/home/litsuran/nodevenv/legaldoji.com/node/18/lib/node_modules/next/dist/server/base-server.js:1066:30)
    at async NextNodeServer.pipe (/home/litsuran/nodevenv/legaldoji.com/node/18/lib/node_modules/next/dist/server/base-server.js:407:25)
MissingStaticPage [Error]: Failed to load static file for page: /404 ENOENT: no such file or directory, open '/home/litsuran/legaldoji.com/node/.next/server/pages/404.html'
    at /home/litsuran/nodevenv/legaldoji.com/node/18/lib/node_modules/next/dist/server/require.js:85:19
    at async Object.loadComponents (/home/litsuran/nodevenv/legaldoji.com/node/18/lib/node_modules/next/dist/server/load-components.js:37:26)
    at async NextNodeServer.findPageComponents (/home/litsuran/nodevenv/legaldoji.com/node/18/lib/node_modules/next/dist/server/next-server.js:561:36)
    at async NextNodeServer.renderErrorToResponse (/home/litsuran/nodevenv/legaldoji.com/node/18/lib/node_modules/next/dist/server/base-server.js:1089:26)
    at async pipe.req.req (/home/litsuran/nodevenv/legaldoji.com/node/18/lib/node_modules/next/dist/server/base-server.js:1066:30)
    at async NextNodeServer.pipe (/home/litsuran/nodevenv/legaldoji.com/node/18/lib/node_modules/next/dist/server/base-server.js:407:25)
MissingStaticPage [Error]: Failed to load static file for page: /404 ENOENT: no such file or directory, open '/home/litsuran/legaldoji.com/node/.next/server/pages/404.html'
    at /home/litsuran/nodevenv/legaldoji.com/node/18/lib/node_modules/next/dist/server/require.js:85:19
    at async Object.loadComponents (/home/litsuran/nodevenv/legaldoji.com/node/18/lib/node_modules/next/dist/server/load-components.js:37:26)
    at async NextNodeServer.findPageComponents (/home/litsuran/nodevenv/legaldoji.com/node/18/lib/node_modules/next/dist/server/next-server.js:561:36)
    at async NextNodeServer.renderErrorToResponse (/home/litsuran/nodevenv/legaldoji.com/node/18/lib/node_modules/next/dist/server/base-server.js:1089:26)
    at async pipe.req.req (/home/litsuran/nodevenv/legaldoji.com/node/18/lib/node_modules/next/dist/server/base-server.js:1066:30)
    at async NextNodeServer.pipe (/home/litsuran/nodevenv/legaldoji.com/node/18/lib/node_modules/next/dist/server/base-server.js:407:25)
MissingStaticPage [Error]: Failed to load static file for page: /404 ENOENT: no such file or directory, open '/home/litsuran/legaldoji.com/node/.next/server/pages/404.html'
    at /home/litsuran/nodevenv/legaldoji.com/node/18/lib/node_modules/next/dist/server/require.js:85:19
    at async Object.loadComponents (/home/litsuran/nodevenv/legaldoji.com/node/18/lib/node_modules/next/dist/server/load-components.js:37:26)
    at async NextNodeServer.findPageComponents (/home/litsuran/nodevenv/legaldoji.com/node/18/lib/node_modules/next/dist/server/next-server.js:561:36)
    at async NextNodeServer.renderErrorToResponse (/home/litsuran/nodevenv/legaldoji.com/node/18/lib/node_modules/next/dist/server/base-server.js:1089:26)
    at async pipe.req.req (/home/litsuran/nodevenv/legaldoji.com/node/18/lib/node_modules/next/dist/server/base-server.js:1066:30)
    at async NextNodeServer.pipe (/home/litsuran/nodevenv/legaldoji.com/node/18/lib/node_modules/next/dist/server/base-server.js:407:25)
MissingStaticPage [Error]: Failed to load static file for page: /404 ENOENT: no such file or directory, open '/home/litsuran/legaldoji.com/node/.next/server/pages/404.html'
    at /home/litsuran/nodevenv/legaldoji.com/node/18/lib/node_modules/next/dist/server/require.js:85:19
    at async Object.loadComponents (/home/litsuran/nodevenv/legaldoji.com/node/18/lib/node_modules/next/dist/server/load-components.js:37:26)
    at async NextNodeServer.findPageComponents (/home/litsuran/nodevenv/legaldoji.com/node/18/lib/node_modules/next/dist/server/next-server.js:561:36)
    at async NextNodeServer.renderErrorToResponse (/home/litsuran/nodevenv/legaldoji.com/node/18/lib/node_modules/next/dist/server/base-server.js:1089:26)
    at async pipe.req.req (/home/litsuran/nodevenv/legaldoji.com/node/18/lib/node_modules/next/dist/server/base-server.js:1066:30)
    at async NextNodeServer.pipe (/home/litsuran/nodevenv/legaldoji.com/node/18/lib/node_modules/next/dist/server/base-server.js:407:25)
MissingStaticPage [Error]: Failed to load static file for page: /404 ENOENT: no such file or directory, open '/home/litsuran/legaldoji.com/node/.next/server/pages/404.html'
    at /home/litsuran/nodevenv/legaldoji.com/node/18/lib/node_modules/next/dist/server/require.js:85:19
    at async Object.loadComponents (/home/litsuran/nodevenv/legaldoji.com/node/18/lib/node_modules/next/dist/server/load-components.js:37:26)
    at async NextNodeServer.findPageComponents (/home/litsuran/nodevenv/legaldoji.com/node/18/lib/node_modules/next/dist/server/next-server.js:561:36)
    at async NextNodeServer.renderErrorToResponse (/home/litsuran/nodevenv/legaldoji.com/node/18/lib/node_modules/next/dist/server/base-server.js:1089:26)
    at async pipe.req.req (/home/litsuran/nodevenv/legaldoji.com/node/18/lib/node_modules/next/dist/server/base-server.js:1066:30)
    at async NextNodeServer.pipe (/home/litsuran/nodevenv/legaldoji.com/node/18/lib/node_modules/next/dist/server/base-server.js:407:25)
MissingStaticPage [Error]: Failed to load static file for page: /404 ENOENT: no such file or directory, open '/home/litsuran/legaldoji.com/node/.next/server/pages/404.html'
    at /home/litsuran/nodevenv/legaldoji.com/node/18/lib/node_modules/next/dist/server/require.js:85:19
    at async Object.loadComponents (/home/litsuran/nodevenv/legaldoji.com/node/18/lib/node_modules/next/dist/server/load-components.js:37:26)
    at async NextNodeServer.findPageComponents (/home/litsuran/nodevenv/legaldoji.com/node/18/lib/node_modules/next/dist/server/next-server.js:561:36)
    at async NextNodeServer.renderErrorToResponse (/home/litsuran/nodevenv/legaldoji.com/node/18/lib/node_modules/next/dist/server/base-server.js:1089:26)
    at async pipe.req.req (/home/litsuran/nodevenv/legaldoji.com/node/18/lib/node_modules/next/dist/server/base-server.js:1066:30)
    at async NextNodeServer.pipe (/home/litsuran/nodevenv/legaldoji.com/node/18/lib/node_modules/next/dist/server/base-server.js:407:25)
MissingStaticPage [Error]: Failed to load static file for page: /404 ENOENT: no such file or directory, open '/home/litsuran/legaldoji.com/node/.next/server/pages/404.html'
    at /home/litsuran/nodevenv/legaldoji.com/node/18/lib/node_modules/next/dist/server/require.js:85:19
    at async Object.loadComponents (/home/litsuran/nodevenv/legaldoji.com/node/18/lib/node_modules/next/dist/server/load-components.js:37:26)
    at async NextNodeServer.findPageComponents (/home/litsuran/nodevenv/legaldoji.com/node/18/lib/node_modules/next/dist/server/next-server.js:561:36)
    at async NextNodeServer.renderErrorToResponse (/home/litsuran/nodevenv/legaldoji.com/node/18/lib/node_modules/next/dist/server/base-server.js:1089:26)
    at async pipe.req.req (/home/litsuran/nodevenv/legaldoji.com/node/18/lib/node_modules/next/dist/server/base-server.js:1066:30)
    at async NextNodeServer.pipe (/home/litsuran/nodevenv/legaldoji.com/node/18/lib/node_modules/next/dist/server/base-server.js:407:25)
MissingStaticPage [Error]: Failed to load static file for page: /404 ENOENT: no such file or directory, open '/home/litsuran/legaldoji.com/node/.next/server/pages/404.html'
    at /home/litsuran/nodevenv/legaldoji.com/node/18/lib/node_modules/next/dist/server/require.js:85:19
    at async Object.loadComponents (/home/litsuran/nodevenv/legaldoji.com/node/18/lib/node_modules/next/dist/server/load-components.js:37:26)
    at async NextNodeServer.findPageComponents (/home/litsuran/nodevenv/legaldoji.com/node/18/lib/node_modules/next/dist/server/next-server.js:561:36)
    at async NextNodeServer.renderErrorToResponse (/home/litsuran/nodevenv/legaldoji.com/node/18/lib/node_modules/next/dist/server/base-server.js:1089:26)
    at async pipe.req.req (/home/litsuran/nodevenv/legaldoji.com/node/18/lib/node_modules/next/dist/server/base-server.js:1066:30)
    at async NextNodeServer.pipe (/home/litsuran/nodevenv/legaldoji.com/node/18/lib/node_modules/next/dist/server/base-server.js:407:25)
MissingStaticPage [Error]: Failed to load static file for page: /404 ENOENT: no such file or directory, open '/home/litsuran/legaldoji.com/node/.next/server/pages/404.html'
    at /home/litsuran/nodevenv/legaldoji.com/node/18/lib/node_modules/next/dist/server/require.js:85:19
    at async Object.loadComponents (/home/litsuran/nodevenv/legaldoji.com/node/18/lib/node_modules/next/dist/server/load-components.js:37:26)
    at async NextNodeServer.findPageComponents (/home/litsuran/nodevenv/legaldoji.com/node/18/lib/node_modules/next/dist/server/next-server.js:561:36)
    at async NextNodeServer.renderErrorToResponse (/home/litsuran/nodevenv/legaldoji.com/node/18/lib/node_modules/next/dist/server/base-server.js:1089:26)
    at async pipe.req.req (/home/litsuran/nodevenv/legaldoji.com/node/18/lib/node_modules/next/dist/server/base-server.js:1066:30)
    at async NextNodeServer.pipe (/home/litsuran/nodevenv/legaldoji.com/node/18/lib/node_modules/next/dist/server/base-server.js:407:25)
MissingStaticPage [Error]: Failed to load static file for page: /404 ENOENT: no such file or directory, open '/home/litsuran/legaldoji.com/node/.next/server/pages/404.html'
    at /home/litsuran/nodevenv/legaldoji.com/node/18/lib/node_modules/next/dist/server/require.js:85:19
    at async Object.loadComponents (/home/litsuran/nodevenv/legaldoji.com/node/18/lib/node_modules/next/dist/server/load-components.js:37:26)
    at async NextNodeServer.findPageComponents (/home/litsuran/nodevenv/legaldoji.com/node/18/lib/node_modules/next/dist/server/next-server.js:561:36)
    at async NextNodeServer.renderErrorToResponse (/home/litsuran/nodevenv/legaldoji.com/node/18/lib/node_modules/next/dist/server/base-server.js:1089:26)
    at async pipe.req.req (/home/litsuran/nodevenv/legaldoji.com/node/18/lib/node_modules/next/dist/server/base-server.js:1066:30)
    at async NextNodeServer.pipe (/home/litsuran/nodevenv/legaldoji.com/node/18/lib/node_modules/next/dist/server/base-server.js:407:25)
MissingStaticPage [Error]: Failed to load static file for page: /404 ENOENT: no such file or directory, open '/home/litsuran/legaldoji.com/node/.next/server/pages/404.html'
    at /home/litsuran/nodevenv/legaldoji.com/node/18/lib/node_modules/next/dist/server/require.js:85:19
    at async Object.loadComponents (/home/litsuran/nodevenv/legaldoji.com/node/18/lib/node_modules/next/dist/server/load-components.js:37:26)
    at async NextNodeServer.findPageComponents (/home/litsuran/nodevenv/legaldoji.com/node/18/lib/node_modules/next/dist/server/next-server.js:561:36)
    at async NextNodeServer.renderErrorToResponse (/home/litsuran/nodevenv/legaldoji.com/node/18/lib/node_modules/next/dist/server/base-server.js:1089:26)
    at async pipe.req.req (/home/litsuran/nodevenv/legaldoji.com/node/18/lib/node_modules/next/dist/server/base-server.js:1066:30)
    at async NextNodeServer.pipe (/home/litsuran/nodevenv/legaldoji.com/node/18/lib/node_modules/next/dist/server/base-server.js:407:25)
MissingStaticPage [Error]: Failed to load static file for page: /404 ENOENT: no such file or directory, open '/home/litsuran/legaldoji.com/node/.next/server/pages/404.html'
    at /home/litsuran/nodevenv/legaldoji.com/node/18/lib/node_modules/next/dist/server/require.js:85:19
    at async Object.loadComponents (/home/litsuran/nodevenv/legaldoji.com/node/18/lib/node_modules/next/dist/server/load-components.js:37:26)
    at async NextNodeServer.findPageComponents (/home/litsuran/nodevenv/legaldoji.com/node/18/lib/node_modules/next/dist/server/next-server.js:561:36)
    at async NextNodeServer.renderErrorToResponse (/home/litsuran/nodevenv/legaldoji.com/node/18/lib/node_modules/next/dist/server/base-server.js:1089:26)
    at async pipe.req.req (/home/litsuran/nodevenv/legaldoji.com/node/18/lib/node_modules/next/dist/server/base-server.js:1066:30)
    at async NextNodeServer.pipe (/home/litsuran/nodevenv/legaldoji.com/node/18/lib/node_modules/next/dist/server/base-server.js:407:25)
MissingStaticPage [Error]: Failed to load static file for page: /404 ENOENT: no such file or directory, open '/home/litsuran/legaldoji.com/node/.next/server/pages/404.html'
    at /home/litsuran/nodevenv/legaldoji.com/node/18/lib/node_modules/next/dist/server/require.js:85:19
    at async Object.loadComponents (/home/litsuran/nodevenv/legaldoji.com/node/18/lib/node_modules/next/dist/server/load-components.js:37:26)
    at async NextNodeServer.findPageComponents (/home/litsuran/nodevenv/legaldoji.com/node/18/lib/node_modules/next/dist/server/next-server.js:561:36)
    at async NextNodeServer.renderErrorToResponse (/home/litsuran/nodevenv/legaldoji.com/node/18/lib/node_modules/next/dist/server/base-server.js:1089:26)
    at async pipe.req.req (/home/litsuran/nodevenv/legaldoji.com/node/18/lib/node_modules/next/dist/server/base-server.js:1066:30)
    at async NextNodeServer.pipe (/home/litsuran/nodevenv/legaldoji.com/node/18/lib/node_modules/next/dist/server/base-server.js:407:25)
MissingStaticPage [Error]: Failed to load static file for page: /404 ENOENT: no such file or directory, open '/home/litsuran/legaldoji.com/node/.next/server/pages/404.html'
    at /home/litsuran/nodevenv/legaldoji.com/node/18/lib/node_modules/next/dist/server/require.js:85:19
    at async Object.loadComponents (/home/litsuran/nodevenv/legaldoji.com/node/18/lib/node_modules/next/dist/server/load-components.js:37:26)
    at async NextNodeServer.findPageComponents (/home/litsuran/nodevenv/legaldoji.com/node/18/lib/node_modules/next/dist/server/next-server.js:561:36)
    at async NextNodeServer.renderErrorToResponse (/home/litsuran/nodevenv/legaldoji.com/node/18/lib/node_modules/next/dist/server/base-server.js:1089:26)
    at async pipe.req.req (/home/litsuran/nodevenv/legaldoji.com/node/18/lib/node_modules/next/dist/server/base-server.js:1066:30)
    at async NextNodeServer.pipe (/home/litsuran/nodevenv/legaldoji.com/node/18/lib/node_modules/next/dist/server/base-server.js:407:25)
MissingStaticPage [Error]: Failed to load static file for page: /404 ENOENT: no such file or directory, open '/home/litsuran/legaldoji.com/node/.next/server/pages/404.html'
    at /home/litsuran/nodevenv/legaldoji.com/node/18/lib/node_modules/next/dist/server/require.js:85:19
    at async Object.loadComponents (/home/litsuran/nodevenv/legaldoji.com/node/18/lib/node_modules/next/dist/server/load-components.js:37:26)
    at async NextNodeServer.findPageComponents (/home/litsuran/nodevenv/legaldoji.com/node/18/lib/node_modules/next/dist/server/next-server.js:561:36)
    at async NextNodeServer.renderErrorToResponse (/home/litsuran/nodevenv/legaldoji.com/node/18/lib/node_modules/next/dist/server/base-server.js:1089:26)
    at async pipe.req.req (/home/litsuran/nodevenv/legaldoji.com/node/18/lib/node_modules/next/dist/server/base-server.js:1066:30)
    at async NextNodeServer.pipe (/home/litsuran/nodevenv/legaldoji.com/node/18/lib/node_modules/next/dist/server/base-server.js:407:25)
MissingStaticPage [Error]: Failed to load static file for page: /404 ENOENT: no such file or directory, open '/home/litsuran/legaldoji.com/node/.next/server/pages/404.html'
    at /home/litsuran/nodevenv/legaldoji.com/node/18/lib/node_modules/next/dist/server/require.js:85:19
    at async Object.loadComponents (/home/litsuran/nodevenv/legaldoji.com/node/18/lib/node_modules/next/dist/server/load-components.js:37:26)
    at async NextNodeServer.findPageComponents (/home/litsuran/nodevenv/legaldoji.com/node/18/lib/node_modules/next/dist/server/next-server.js:561:36)
    at async NextNodeServer.renderErrorToResponse (/home/litsuran/nodevenv/legaldoji.com/node/18/lib/node_modules/next/dist/server/base-server.js:1089:26)
    at async pipe.req.req (/home/litsuran/nodevenv/legaldoji.com/node/18/lib/node_modules/next/dist/server/base-server.js:1066:30)
    at async NextNodeServer.pipe (/home/litsuran/nodevenv/legaldoji.com/node/18/lib/node_modules/next/dist/server/base-server.js:407:25)
MissingStaticPage [Error]: Failed to load static file for page: /404 ENOENT: no such file or directory, open '/home/litsuran/legaldoji.com/node/.next/server/pages/404.html'
    at /home/litsuran/nodevenv/legaldoji.com/node/18/lib/node_modules/next/dist/server/require.js:85:19
    at async Object.loadComponents (/home/litsuran/nodevenv/legaldoji.com/node/18/lib/node_modules/next/dist/server/load-components.js:37:26)
    at async NextNodeServer.findPageComponents (/home/litsuran/nodevenv/legaldoji.com/node/18/lib/node_modules/next/dist/server/next-server.js:561:36)
    at async NextNodeServer.renderErrorToResponse (/home/litsuran/nodevenv/legaldoji.com/node/18/lib/node_modules/next/dist/server/base-server.js:1089:26)
    at async pipe.req.req (/home/litsuran/nodevenv/legaldoji.com/node/18/lib/node_modules/next/dist/server/base-server.js:1066:30)
    at async NextNodeServer.pipe (/home/litsuran/nodevenv/legaldoji.com/node/18/lib/node_modules/next/dist/server/base-server.js:407:25)
MissingStaticPage [Error]: Failed to load static file for page: /404 ENOENT: no such file or directory, open '/home/litsuran/legaldoji.com/node/.next/server/pages/404.html'
    at /home/litsuran/nodevenv/legaldoji.com/node/18/lib/node_modules/next/dist/server/require.js:85:19
    at async Object.loadComponents (/home/litsuran/nodevenv/legaldoji.com/node/18/lib/node_modules/next/dist/server/load-components.js:37:26)
    at async NextNodeServer.findPageComponents (/home/litsuran/nodevenv/legaldoji.com/node/18/lib/node_modules/next/dist/server/next-server.js:561:36)
    at async NextNodeServer.renderErrorToResponse (/home/litsuran/nodevenv/legaldoji.com/node/18/lib/node_modules/next/dist/server/base-server.js:1089:26)
    at async pipe.req.req (/home/litsuran/nodevenv/legaldoji.com/node/18/lib/node_modules/next/dist/server/base-server.js:1066:30)
    at async NextNodeServer.pipe (/home/litsuran/nodevenv/legaldoji.com/node/18/lib/node_modules/next/dist/server/base-server.js:407:25)
MissingStaticPage [Error]: Failed to load static file for page: /404 ENOENT: no such file or directory, open '/home/litsuran/legaldoji.com/node/.next/server/pages/404.html'
    at /home/litsuran/nodevenv/legaldoji.com/node/18/lib/node_modules/next/dist/server/require.js:85:19
    at async Object.loadComponents (/home/litsuran/nodevenv/legaldoji.com/node/18/lib/node_modules/next/dist/server/load-components.js:37:26)
    at async NextNodeServer.findPageComponents (/home/litsuran/nodevenv/legaldoji.com/node/18/lib/node_modules/next/dist/server/next-server.js:561:36)
    at async NextNodeServer.renderErrorToResponse (/home/litsuran/nodevenv/legaldoji.com/node/18/lib/node_modules/next/dist/server/base-server.js:1089:26)
    at async pipe.req.req (/home/litsuran/nodevenv/legaldoji.com/node/18/lib/node_modules/next/dist/server/base-server.js:1066:30)
    at async NextNodeServer.pipe (/home/litsuran/nodevenv/legaldoji.com/node/18/lib/node_modules/next/dist/server/base-server.js:407:25)
MissingStaticPage [Error]: Failed to load static file for page: /404 ENOENT: no such file or directory, open '/home/litsuran/legaldoji.com/node/.next/server/pages/404.html'
    at /home/litsuran/nodevenv/legaldoji.com/node/18/lib/node_modules/next/dist/server/require.js:85:19
    at async Object.loadComponents (/home/litsuran/nodevenv/legaldoji.com/node/18/lib/node_modules/next/dist/server/load-components.js:37:26)
    at async NextNodeServer.findPageComponents (/home/litsuran/nodevenv/legaldoji.com/node/18/lib/node_modules/next/dist/server/next-server.js:561:36)
    at async NextNodeServer.renderErrorToResponse (/home/litsuran/nodevenv/legaldoji.com/node/18/lib/node_modules/next/dist/server/base-server.js:1089:26)
    at async pipe.req.req (/home/litsuran/nodevenv/legaldoji.com/node/18/lib/node_modules/next/dist/server/base-server.js:1066:30)
    at async NextNodeServer.pipe (/home/litsuran/nodevenv/legaldoji.com/node/18/lib/node_modules/next/dist/server/base-server.js:407:25)
MissingStaticPage [Error]: Failed to load static file for page: /404 ENOENT: no such file or directory, open '/home/litsuran/legaldoji.com/node/.next/server/pages/404.html'
    at /home/litsuran/nodevenv/legaldoji.com/node/18/lib/node_modules/next/dist/server/require.js:85:19
    at async Object.loadComponents (/home/litsuran/nodevenv/legaldoji.com/node/18/lib/node_modules/next/dist/server/load-components.js:37:26)
    at async NextNodeServer.findPageComponents (/home/litsuran/nodevenv/legaldoji.com/node/18/lib/node_modules/next/dist/server/next-server.js:561:36)
    at async NextNodeServer.renderErrorToResponse (/home/litsuran/nodevenv/legaldoji.com/node/18/lib/node_modules/next/dist/server/base-server.js:1089:26)
    at async pipe.req.req (/home/litsuran/nodevenv/legaldoji.com/node/18/lib/node_modules/next/dist/server/base-server.js:1066:30)
    at async NextNodeServer.pipe (/home/litsuran/nodevenv/legaldoji.com/node/18/lib/node_modules/next/dist/server/base-server.js:407:25)
MissingStaticPage [Error]: Failed to load static file for page: /404 ENOENT: no such file or directory, open '/home/litsuran/legaldoji.com/node/.next/server/pages/404.html'
    at /home/litsuran/nodevenv/legaldoji.com/node/18/lib/node_modules/next/dist/server/require.js:85:19
    at async Object.loadComponents (/home/litsuran/nodevenv/legaldoji.com/node/18/lib/node_modules/next/dist/server/load-components.js:37:26)
    at async NextNodeServer.findPageComponents (/home/litsuran/nodevenv/legaldoji.com/node/18/lib/node_modules/next/dist/server/next-server.js:561:36)
    at async NextNodeServer.renderErrorToResponse (/home/litsuran/nodevenv/legaldoji.com/node/18/lib/node_modules/next/dist/server/base-server.js:1089:26)
    at async pipe.req.req (/home/litsuran/nodevenv/legaldoji.com/node/18/lib/node_modules/next/dist/server/base-server.js:1066:30)
    at async NextNodeServer.pipe (/home/litsuran/nodevenv/legaldoji.com/node/18/lib/node_modules/next/dist/server/base-server.js:407:25)
MissingStaticPage [Error]: Failed to load static file for page: /404 ENOENT: no such file or directory, open '/home/litsuran/legaldoji.com/node/.next/server/pages/404.html'
    at /home/litsuran/nodevenv/legaldoji.com/node/18/lib/node_modules/next/dist/server/require.js:85:19
    at async Object.loadComponents (/home/litsuran/nodevenv/legaldoji.com/node/18/lib/node_modules/next/dist/server/load-components.js:37:26)
    at async NextNodeServer.findPageComponents (/home/litsuran/nodevenv/legaldoji.com/node/18/lib/node_modules/next/dist/server/next-server.js:561:36)
    at async NextNodeServer.renderErrorToResponse (/home/litsuran/nodevenv/legaldoji.com/node/18/lib/node_modules/next/dist/server/base-server.js:1089:26)
    at async pipe.req.req (/home/litsuran/nodevenv/legaldoji.com/node/18/lib/node_modules/next/dist/server/base-server.js:1066:30)
    at async NextNodeServer.pipe (/home/litsuran/nodevenv/legaldoji.com/node/18/lib/node_modules/next/dist/server/base-server.js:407:25)
MissingStaticPage [Error]: Failed to load static file for page: /404 ENOENT: no such file or directory, open '/home/litsuran/legaldoji.com/node/.next/server/pages/404.html'
    at /home/litsuran/nodevenv/legaldoji.com/node/18/lib/node_modules/next/dist/server/require.js:85:19
    at async Object.loadComponents (/home/litsuran/nodevenv/legaldoji.com/node/18/lib/node_modules/next/dist/server/load-components.js:37:26)
    at async NextNodeServer.findPageComponents (/home/litsuran/nodevenv/legaldoji.com/node/18/lib/node_modules/next/dist/server/next-server.js:561:36)
    at async NextNodeServer.renderErrorToResponse (/home/litsuran/nodevenv/legaldoji.com/node/18/lib/node_modules/next/dist/server/base-server.js:1089:26)
    at async pipe.req.req (/home/litsuran/nodevenv/legaldoji.com/node/18/lib/node_modules/next/dist/server/base-server.js:1066:30)
    at async NextNodeServer.pipe (/home/litsuran/nodevenv/legaldoji.com/node/18/lib/node_modules/next/dist/server/base-server.js:407:25)
MissingStaticPage [Error]: Failed to load static file for page: /404 ENOENT: no such file or directory, open '/home/litsuran/legaldoji.com/node/.next/server/pages/404.html'
    at /home/litsuran/nodevenv/legaldoji.com/node/18/lib/node_modules/next/dist/server/require.js:85:19
    at async Object.loadComponents (/home/litsuran/nodevenv/legaldoji.com/node/18/lib/node_modules/next/dist/server/load-components.js:37:26)
    at async NextNodeServer.findPageComponents (/home/litsuran/nodevenv/legaldoji.com/node/18/lib/node_modules/next/dist/server/next-server.js:561:36)
    at async NextNodeServer.renderErrorToResponse (/home/litsuran/nodevenv/legaldoji.com/node/18/lib/node_modules/next/dist/server/base-server.js:1089:26)
    at async pipe.req.req (/home/litsuran/nodevenv/legaldoji.com/node/18/lib/node_modules/next/dist/server/base-server.js:1066:30)
    at async NextNodeServer.pipe (/home/litsuran/nodevenv/legaldoji.com/node/18/lib/node_modules/next/dist/server/base-server.js:407:25)
MissingStaticPage [Error]: Failed to load static file for page: /404 ENOENT: no such file or directory, open '/home/litsuran/legaldoji.com/node/.next/server/pages/404.html'
    at /home/litsuran/nodevenv/legaldoji.com/node/18/lib/node_modules/next/dist/server/require.js:85:19
    at async Object.loadComponents (/home/litsuran/nodevenv/legaldoji.com/node/18/lib/node_modules/next/dist/server/load-components.js:37:26)
    at async NextNodeServer.findPageComponents (/home/litsuran/nodevenv/legaldoji.com/node/18/lib/node_modules/next/dist/server/next-server.js:561:36)
    at async NextNodeServer.renderErrorToResponse (/home/litsuran/nodevenv/legaldoji.com/node/18/lib/node_modules/next/dist/server/base-server.js:1089:26)
    at async pipe.req.req (/home/litsuran/nodevenv/legaldoji.com/node/18/lib/node_modules/next/dist/server/base-server.js:1066:30)
    at async NextNodeServer.pipe (/home/litsuran/nodevenv/legaldoji.com/node/18/lib/node_modules/next/dist/server/base-server.js:407:25)
MissingStaticPage [Error]: Failed to load static file for page: /404 ENOENT: no such file or directory, open '/home/litsuran/legaldoji.com/node/.next/server/pages/404.html'
    at /home/litsuran/nodevenv/legaldoji.com/node/18/lib/node_modules/next/dist/server/require.js:85:19
    at async Object.loadComponents (/home/litsuran/nodevenv/legaldoji.com/node/18/lib/node_modules/next/dist/server/load-components.js:37:26)
    at async NextNodeServer.findPageComponents (/home/litsuran/nodevenv/legaldoji.com/node/18/lib/node_modules/next/dist/server/next-server.js:561:36)
    at async NextNodeServer.renderErrorToResponse (/home/litsuran/nodevenv/legaldoji.com/node/18/lib/node_modules/next/dist/server/base-server.js:1089:26)
    at async pipe.req.req (/home/litsuran/nodevenv/legaldoji.com/node/18/lib/node_modules/next/dist/server/base-server.js:1066:30)
    at async NextNodeServer.pipe (/home/litsuran/nodevenv/legaldoji.com/node/18/lib/node_modules/next/dist/server/base-server.js:407:25)
MissingStaticPage [Error]: Failed to load static file for page: /404 ENOENT: no such file or directory, open '/home/litsuran/legaldoji.com/node/.next/server/pages/404.html'
    at /home/litsuran/nodevenv/legaldoji.com/node/18/lib/node_modules/next/dist/server/require.js:85:19
    at async Object.loadComponents (/home/litsuran/nodevenv/legaldoji.com/node/18/lib/node_modules/next/dist/server/load-components.js:37:26)
    at async NextNodeServer.findPageComponents (/home/litsuran/nodevenv/legaldoji.com/node/18/lib/node_modules/next/dist/server/next-server.js:561:36)
    at async NextNodeServer.renderErrorToResponse (/home/litsuran/nodevenv/legaldoji.com/node/18/lib/node_modules/next/dist/server/base-server.js:1089:26)
    at async pipe.req.req (/home/litsuran/nodevenv/legaldoji.com/node/18/lib/node_modules/next/dist/server/base-server.js:1066:30)
    at async NextNodeServer.pipe (/home/litsuran/nodevenv/legaldoji.com/node/18/lib/node_modules/next/dist/server/base-server.js:407:25)
MissingStaticPage [Error]: Failed to load static file for page: /404 ENOENT: no such file or directory, open '/home/litsuran/legaldoji.com/node/.next/server/pages/404.html'
    at /home/litsuran/nodevenv/legaldoji.com/node/18/lib/node_modules/next/dist/server/require.js:85:19
    at async Object.loadComponents (/home/litsuran/nodevenv/legaldoji.com/node/18/lib/node_modules/next/dist/server/load-components.js:37:26)
    at async NextNodeServer.findPageComponents (/home/litsuran/nodevenv/legaldoji.com/node/18/lib/node_modules/next/dist/server/next-server.js:561:36)
    at async NextNodeServer.renderErrorToResponse (/home/litsuran/nodevenv/legaldoji.com/node/18/lib/node_modules/next/dist/server/base-server.js:1089:26)
    at async pipe.req.req (/home/litsuran/nodevenv/legaldoji.com/node/18/lib/node_modules/next/dist/server/base-server.js:1066:30)
    at async NextNodeServer.pipe (/home/litsuran/nodevenv/legaldoji.com/node/18/lib/node_modules/next/dist/server/base-server.js:407:25)
MissingStaticPage [Error]: Failed to load static file for page: /404 ENOENT: no such file or directory, open '/home/litsuran/legaldoji.com/node/.next/server/pages/404.html'
    at /home/litsuran/nodevenv/legaldoji.com/node/18/lib/node_modules/next/dist/server/require.js:85:19
    at async Object.loadComponents (/home/litsuran/nodevenv/legaldoji.com/node/18/lib/node_modules/next/dist/server/load-components.js:37:26)
    at async NextNodeServer.findPageComponents (/home/litsuran/nodevenv/legaldoji.com/node/18/lib/node_modules/next/dist/server/next-server.js:561:36)
    at async NextNodeServer.renderErrorToResponse (/home/litsuran/nodevenv/legaldoji.com/node/18/lib/node_modules/next/dist/server/base-server.js:1089:26)
    at async pipe.req.req (/home/litsuran/nodevenv/legaldoji.com/node/18/lib/node_modules/next/dist/server/base-server.js:1066:30)
    at async NextNodeServer.pipe (/home/litsuran/nodevenv/legaldoji.com/node/18/lib/node_modules/next/dist/server/base-server.js:407:25)
MissingStaticPage [Error]: Failed to load static file for page: /404 ENOENT: no such file or directory, open '/home/litsuran/legaldoji.com/node/.next/server/pages/404.html'
    at /home/litsuran/nodevenv/legaldoji.com/node/18/lib/node_modules/next/dist/server/require.js:85:19
    at async Object.loadComponents (/home/litsuran/nodevenv/legaldoji.com/node/18/lib/node_modules/next/dist/server/load-components.js:37:26)
    at async NextNodeServer.findPageComponents (/home/litsuran/nodevenv/legaldoji.com/node/18/lib/node_modules/next/dist/server/next-server.js:561:36)
    at async NextNodeServer.renderErrorToResponse (/home/litsuran/nodevenv/legaldoji.com/node/18/lib/node_modules/next/dist/server/base-server.js:1089:26)
    at async pipe.req.req (/home/litsuran/nodevenv/legaldoji.com/node/18/lib/node_modules/next/dist/server/base-server.js:1066:30)
    at async NextNodeServer.pipe (/home/litsuran/nodevenv/legaldoji.com/node/18/lib/node_modules/next/dist/server/base-server.js:407:25)
MissingStaticPage [Error]: Failed to load static file for page: /404 ENOENT: no such file or directory, open '/home/litsuran/legaldoji.com/node/.next/server/pages/404.html'
    at /home/litsuran/nodevenv/legaldoji.com/node/18/lib/node_modules/next/dist/server/require.js:85:19
    at async Object.loadComponents (/home/litsuran/nodevenv/legaldoji.com/node/18/lib/node_modules/next/dist/server/load-components.js:37:26)
    at async NextNodeServer.findPageComponents (/home/litsuran/nodevenv/legaldoji.com/node/18/lib/node_modules/next/dist/server/next-server.js:561:36)
    at async NextNodeServer.renderErrorToResponse (/home/litsuran/nodevenv/legaldoji.com/node/18/lib/node_modules/next/dist/server/base-server.js:1089:26)
    at async pipe.req.req (/home/litsuran/nodevenv/legaldoji.com/node/18/lib/node_modules/next/dist/server/base-server.js:1066:30)
    at async NextNodeServer.pipe (/home/litsuran/nodevenv/legaldoji.com/node/18/lib/node_modules/next/dist/server/base-server.js:407:25)
MissingStaticPage [Error]: Failed to load static file for page: /404 ENOENT: no such file or directory, open '/home/litsuran/legaldoji.com/node/.next/server/pages/404.html'
    at /home/litsuran/nodevenv/legaldoji.com/node/18/lib/node_modules/next/dist/server/require.js:85:19
    at async Object.loadComponents (/home/litsuran/nodevenv/legaldoji.com/node/18/lib/node_modules/next/dist/server/load-components.js:37:26)
    at async NextNodeServer.findPageComponents (/home/litsuran/nodevenv/legaldoji.com/node/18/lib/node_modules/next/dist/server/next-server.js:561:36)
    at async NextNodeServer.renderErrorToResponse (/home/litsuran/nodevenv/legaldoji.com/node/18/lib/node_modules/next/dist/server/base-server.js:1089:26)
    at async NextNodeServer.pipe (/home/litsuran/nodevenv/legaldoji.com/node/18/lib/node_modules/next/dist/server/base-server.js:407:25)
    at async Object.fn (/home/litsuran/nodevenv/legaldoji.com/node/18/lib/node_modules/next/dist/server/next-server.js:757:21)
    at async Router.execute (/home/litsuran/nodevenv/legaldoji.com/node/18/lib/node_modules/next/dist/server/router.js:253:36)
    at async NextNodeServer.run (/home/litsuran/nodevenv/legaldoji.com/node/18/lib/node_modules/next/dist/server/base-server.js:384:29)
    at async NextNodeServer.handleRequest (/home/litsuran/nodevenv/legaldoji.com/node/18/lib/node_modules/next/dist/server/base-server.js:322:20)
    at async Server.<anonymous> (/home/litsuran/legaldoji.com/node/server.js:26:9)
MissingStaticPage [Error]: Failed to load static file for page: /404 ENOENT: no such file or directory, open '/home/litsuran/legaldoji.com/node/.next/server/pages/404.html'
    at /home/litsuran/nodevenv/legaldoji.com/node/18/lib/node_modules/next/dist/server/require.js:85:19
    at async Object.loadComponents (/home/litsuran/nodevenv/legaldoji.com/node/18/lib/node_modules/next/dist/server/load-components.js:37:26)
    at async NextNodeServer.findPageComponents (/home/litsuran/nodevenv/legaldoji.com/node/18/lib/node_modules/next/dist/server/next-server.js:561:36)
    at async NextNodeServer.renderErrorToResponse (/home/litsuran/nodevenv/legaldoji.com/node/18/lib/node_modules/next/dist/server/base-server.js:1089:26)
    at async NextNodeServer.pipe (/home/litsuran/nodevenv/legaldoji.com/node/18/lib/node_modules/next/dist/server/base-server.js:407:25)
    at async Object.fn (/home/litsuran/nodevenv/legaldoji.com/node/18/lib/node_modules/next/dist/server/next-server.js:757:21)
    at async Router.execute (/home/litsuran/nodevenv/legaldoji.com/node/18/lib/node_modules/next/dist/server/router.js:253:36)
    at async NextNodeServer.run (/home/litsuran/nodevenv/legaldoji.com/node/18/lib/node_modules/next/dist/server/base-server.js:384:29)
    at async NextNodeServer.handleRequest (/home/litsuran/nodevenv/legaldoji.com/node/18/lib/node_modules/next/dist/server/base-server.js:322:20)
    at async Server.<anonymous> (/home/litsuran/legaldoji.com/node/server.js:26:9)
MissingStaticPage [Error]: Failed to load static file for page: /404 ENOENT: no such file or directory, open '/home/litsuran/legaldoji.com/node/.next/server/pages/404.html'
    at /home/litsuran/nodevenv/legaldoji.com/node/18/lib/node_modules/next/dist/server/require.js:85:19
    at async Object.loadComponents (/home/litsuran/nodevenv/legaldoji.com/node/18/lib/node_modules/next/dist/server/load-components.js:37:26)
    at async NextNodeServer.findPageComponents (/home/litsuran/nodevenv/legaldoji.com/node/18/lib/node_modules/next/dist/server/next-server.js:561:36)
    at async NextNodeServer.renderErrorToResponse (/home/litsuran/nodevenv/legaldoji.com/node/18/lib/node_modules/next/dist/server/base-server.js:1089:26)
    at async NextNodeServer.pipe (/home/litsuran/nodevenv/legaldoji.com/node/18/lib/node_modules/next/dist/server/base-server.js:407:25)
    at async Object.fn (/home/litsuran/nodevenv/legaldoji.com/node/18/lib/node_modules/next/dist/server/next-server.js:757:21)
    at async Router.execute (/home/litsuran/nodevenv/legaldoji.com/node/18/lib/node_modules/next/dist/server/router.js:253:36)
    at async NextNodeServer.run (/home/litsuran/nodevenv/legaldoji.com/node/18/lib/node_modules/next/dist/server/base-server.js:384:29)
    at async NextNodeServer.handleRequest (/home/litsuran/nodevenv/legaldoji.com/node/18/lib/node_modules/next/dist/server/base-server.js:322:20)
    at async Server.<anonymous> (/home/litsuran/legaldoji.com/node/server.js:26:9)
MissingStaticPage [Error]: Failed to load static file for page: /404 ENOENT: no such file or directory, open '/home/litsuran/legaldoji.com/node/.next/server/pages/404.html'
    at /home/litsuran/nodevenv/legaldoji.com/node/18/lib/node_modules/next/dist/server/require.js:85:19
    at async Object.loadComponents (/home/litsuran/nodevenv/legaldoji.com/node/18/lib/node_modules/next/dist/server/load-components.js:37:26)
    at async NextNodeServer.findPageComponents (/home/litsuran/nodevenv/legaldoji.com/node/18/lib/node_modules/next/dist/server/next-server.js:561:36)
    at async NextNodeServer.renderErrorToResponse (/home/litsuran/nodevenv/legaldoji.com/node/18/lib/node_modules/next/dist/server/base-server.js:1089:26)
    at async NextNodeServer.pipe (/home/litsuran/nodevenv/legaldoji.com/node/18/lib/node_modules/next/dist/server/base-server.js:407:25)
    at async Object.fn (/home/litsuran/nodevenv/legaldoji.com/node/18/lib/node_modules/next/dist/server/next-server.js:757:21)
    at async Router.execute (/home/litsuran/nodevenv/legaldoji.com/node/18/lib/node_modules/next/dist/server/router.js:253:36)
    at async NextNodeServer.run (/home/litsuran/nodevenv/legaldoji.com/node/18/lib/node_modules/next/dist/server/base-server.js:384:29)
    at async NextNodeServer.handleRequest (/home/litsuran/nodevenv/legaldoji.com/node/18/lib/node_modules/next/dist/server/base-server.js:322:20)
    at async Server.<anonymous> (/home/litsuran/legaldoji.com/node/server.js:26:9)
MissingStaticPage [Error]: Failed to load static file for page: /404 ENOENT: no such file or directory, open '/home/litsuran/legaldoji.com/node/.next/server/pages/404.html'
    at /home/litsuran/nodevenv/legaldoji.com/node/18/lib/node_modules/next/dist/server/require.js:85:19
    at async Object.loadComponents (/home/litsuran/nodevenv/legaldoji.com/node/18/lib/node_modules/next/dist/server/load-components.js:37:26)
    at async NextNodeServer.findPageComponents (/home/litsuran/nodevenv/legaldoji.com/node/18/lib/node_modules/next/dist/server/next-server.js:561:36)
    at async NextNodeServer.renderErrorToResponse (/home/litsuran/nodevenv/legaldoji.com/node/18/lib/node_modules/next/dist/server/base-server.js:1089:26)
    at async pipe.req.req (/home/litsuran/nodevenv/legaldoji.com/node/18/lib/node_modules/next/dist/server/base-server.js:1066:30)
    at async NextNodeServer.pipe (/home/litsuran/nodevenv/legaldoji.com/node/18/lib/node_modules/next/dist/server/base-server.js:407:25)
MissingStaticPage [Error]: Failed to load static file for page: /404 ENOENT: no such file or directory, open '/home/litsuran/legaldoji.com/node/.next/server/pages/404.html'
    at /home/litsuran/nodevenv/legaldoji.com/node/18/lib/node_modules/next/dist/server/require.js:85:19
    at async Object.loadComponents (/home/litsuran/nodevenv/legaldoji.com/node/18/lib/node_modules/next/dist/server/load-components.js:37:26)
    at async NextNodeServer.findPageComponents (/home/litsuran/nodevenv/legaldoji.com/node/18/lib/node_modules/next/dist/server/next-server.js:561:36)
    at async NextNodeServer.renderErrorToResponse (/home/litsuran/nodevenv/legaldoji.com/node/18/lib/node_modules/next/dist/server/base-server.js:1089:26)
    at async pipe.req.req (/home/litsuran/nodevenv/legaldoji.com/node/18/lib/node_modules/next/dist/server/base-server.js:1066:30)
    at async NextNodeServer.pipe (/home/litsuran/nodevenv/legaldoji.com/node/18/lib/node_modules/next/dist/server/base-server.js:407:25)
MissingStaticPage [Error]: Failed to load static file for page: /404 ENOENT: no such file or directory, open '/home/litsuran/legaldoji.com/node/.next/server/pages/404.html'
    at /home/litsuran/nodevenv/legaldoji.com/node/18/lib/node_modules/next/dist/server/require.js:85:19
    at async Object.loadComponents (/home/litsuran/nodevenv/legaldoji.com/node/18/lib/node_modules/next/dist/server/load-components.js:37:26)
    at async NextNodeServer.findPageComponents (/home/litsuran/nodevenv/legaldoji.com/node/18/lib/node_modules/next/dist/server/next-server.js:561:36)
    at async NextNodeServer.renderErrorToResponse (/home/litsuran/nodevenv/legaldoji.com/node/18/lib/node_modules/next/dist/server/base-server.js:1089:26)
    at async NextNodeServer.pipe (/home/litsuran/nodevenv/legaldoji.com/node/18/lib/node_modules/next/dist/server/base-server.js:407:25)
    at async Object.fn (/home/litsuran/nodevenv/legaldoji.com/node/18/lib/node_modules/next/dist/server/next-server.js:757:21)
    at async Router.execute (/home/litsuran/nodevenv/legaldoji.com/node/18/lib/node_modules/next/dist/server/router.js:253:36)
    at async NextNodeServer.run (/home/litsuran/nodevenv/legaldoji.com/node/18/lib/node_modules/next/dist/server/base-server.js:384:29)
    at async NextNodeServer.handleRequest (/home/litsuran/nodevenv/legaldoji.com/node/18/lib/node_modules/next/dist/server/base-server.js:322:20)
    at async Server.<anonymous> (/home/litsuran/legaldoji.com/node/server.js:26:9)
MissingStaticPage [Error]: Failed to load static file for page: /404 ENOENT: no such file or directory, open '/home/litsuran/legaldoji.com/node/.next/server/pages/404.html'
    at /home/litsuran/nodevenv/legaldoji.com/node/18/lib/node_modules/next/dist/server/require.js:85:19
    at async Object.loadComponents (/home/litsuran/nodevenv/legaldoji.com/node/18/lib/node_modules/next/dist/server/load-components.js:37:26)
    at async NextNodeServer.findPageComponents (/home/litsuran/nodevenv/legaldoji.com/node/18/lib/node_modules/next/dist/server/next-server.js:561:36)
    at async NextNodeServer.renderErrorToResponse (/home/litsuran/nodevenv/legaldoji.com/node/18/lib/node_modules/next/dist/server/base-server.js:1089:26)
    at async pipe.req.req (/home/litsuran/nodevenv/legaldoji.com/node/18/lib/node_modules/next/dist/server/base-server.js:1066:30)
    at async NextNodeServer.pipe (/home/litsuran/nodevenv/legaldoji.com/node/18/lib/node_modules/next/dist/server/base-server.js:407:25)
MissingStaticPage [Error]: Failed to load static file for page: /404 ENOENT: no such file or directory, open '/home/litsuran/legaldoji.com/node/.next/server/pages/404.html'
    at /home/litsuran/nodevenv/legaldoji.com/node/18/lib/node_modules/next/dist/server/require.js:85:19
    at async Object.loadComponents (/home/litsuran/nodevenv/legaldoji.com/node/18/lib/node_modules/next/dist/server/load-components.js:37:26)
    at async NextNodeServer.findPageComponents (/home/litsuran/nodevenv/legaldoji.com/node/18/lib/node_modules/next/dist/server/next-server.js:561:36)
    at async NextNodeServer.renderErrorToResponse (/home/litsuran/nodevenv/legaldoji.com/node/18/lib/node_modules/next/dist/server/base-server.js:1089:26)
    at async NextNodeServer.pipe (/home/litsuran/nodevenv/legaldoji.com/node/18/lib/node_modules/next/dist/server/base-server.js:407:25)
    at async Object.fn (/home/litsuran/nodevenv/legaldoji.com/node/18/lib/node_modules/next/dist/server/next-server.js:757:21)
    at async Router.execute (/home/litsuran/nodevenv/legaldoji.com/node/18/lib/node_modules/next/dist/server/router.js:253:36)
    at async NextNodeServer.run (/home/litsuran/nodevenv/legaldoji.com/node/18/lib/node_modules/next/dist/server/base-server.js:384:29)
    at async NextNodeServer.handleRequest (/home/litsuran/nodevenv/legaldoji.com/node/18/lib/node_modules/next/dist/server/base-server.js:322:20)
    at async Server.<anonymous> (/home/litsuran/legaldoji.com/node/server.js:26:9)
MissingStaticPage [Error]: Failed to load static file for page: /404 ENOENT: no such file or directory, open '/home/litsuran/legaldoji.com/node/.next/server/pages/404.html'
    at /home/litsuran/nodevenv/legaldoji.com/node/18/lib/node_modules/next/dist/server/require.js:85:19
    at async Object.loadComponents (/home/litsuran/nodevenv/legaldoji.com/node/18/lib/node_modules/next/dist/server/load-components.js:37:26)
    at async NextNodeServer.findPageComponents (/home/litsuran/nodevenv/legaldoji.com/node/18/lib/node_modules/next/dist/server/next-server.js:561:36)
    at async NextNodeServer.renderErrorToResponse (/home/litsuran/nodevenv/legaldoji.com/node/18/lib/node_modules/next/dist/server/base-server.js:1089:26)
    at async pipe.req.req (/home/litsuran/nodevenv/legaldoji.com/node/18/lib/node_modules/next/dist/server/base-server.js:1066:30)
    at async NextNodeServer.pipe (/home/litsuran/nodevenv/legaldoji.com/node/18/lib/node_modules/next/dist/server/base-server.js:407:25)
MissingStaticPage [Error]: Failed to load static file for page: /404 ENOENT: no such file or directory, open '/home/litsuran/legaldoji.com/node/.next/server/pages/404.html'
    at /home/litsuran/nodevenv/legaldoji.com/node/18/lib/node_modules/next/dist/server/require.js:85:19
    at async Object.loadComponents (/home/litsuran/nodevenv/legaldoji.com/node/18/lib/node_modules/next/dist/server/load-components.js:37:26)
    at async NextNodeServer.findPageComponents (/home/litsuran/nodevenv/legaldoji.com/node/18/lib/node_modules/next/dist/server/next-server.js:561:36)
    at async NextNodeServer.renderErrorToResponse (/home/litsuran/nodevenv/legaldoji.com/node/18/lib/node_modules/next/dist/server/base-server.js:1089:26)
    at async NextNodeServer.pipe (/home/litsuran/nodevenv/legaldoji.com/node/18/lib/node_modules/next/dist/server/base-server.js:407:25)
    at async Object.fn (/home/litsuran/nodevenv/legaldoji.com/node/18/lib/node_modules/next/dist/server/next-server.js:757:21)
    at async Router.execute (/home/litsuran/nodevenv/legaldoji.com/node/18/lib/node_modules/next/dist/server/router.js:253:36)
    at async NextNodeServer.run (/home/litsuran/nodevenv/legaldoji.com/node/18/lib/node_modules/next/dist/server/base-server.js:384:29)
    at async NextNodeServer.handleRequest (/home/litsuran/nodevenv/legaldoji.com/node/18/lib/node_modules/next/dist/server/base-server.js:322:20)
    at async Server.<anonymous> (/home/litsuran/legaldoji.com/node/server.js:26:9)
